3060
79 142 80 147
125 90 128 92
109 112 110 117
49 71 52 73
1 97 12 97
171 233 182 233
134 221 134 232
130 149 130 160
145 126 146 131
156 155 158 158
111 43 111 54
147 54 152 55
70 174 81 174
66 59 67 64
60 126 65 127
143 41 154 41
190 229 191 234
142 26 144 29
125 237 128 239
95 193 100 194
149 206 154 207
20 99 31 99
98 228 103 229
41 204 52 204
177 94 179 97
188 151 193 152
146 236 147 241
181 99 181 110
82 28 83 33
29 102 31 105
184 21 187 23
22 178 22 189
124 93 127 95
41 200 44 202
171 4 174 6
187 59 189 62
177 146 178 151
3 92 14 92
141 143 152 143
78 153 79 158
62 48 65 50
41 205 42 210
166 9 166 20
88 217 93 218
128 234 133 235
65 74 67 77
116 131 116 142
14 124 15 129
9 225 11 228
179 60 181 63
39 116 44 117
189 45 194 46
86 143 97 143
158 165 161 167
22 227 27 228
91 42 96 43
159 195 170 195
140 202 140 213
194 42 197 44
16 114 19 116
194 88 194 99
153 118 156 120
60 102 71 102
78 81 79 86
131 96 133 99
61 217 72 217
76 94 81 95
156 160 159 162
60 183 61 188
17 58 20 60
165 41 168 43
162 4 163 9
78 196 78 207
193 203 195 206
97 63 98 68
103 0 114 0
59 221 60 226
131 35 132 40
138 228 149 228
93 126 93 137
119 116 119 127
30 82 30 93
114 3 115 8
108 64 113 65
198 180 198 191
129 100 129 111
85 141 96 141
173 74 174 79
142 120 143 125
108 5 108 16
63 197 66 199
132 209 135 211
95 57 100 58
79 140 90 140
195 144 196 149
76 100 77 105
165 112 167 115
137 208 139 211
169 220 172 222
180 47 182 50
78 78 89 78
39 21 40 26
38 234 39 239
134 240 137 242
162 181 173 181
23 85 24 90
45 28 48 30
154 2 159 3
121 77 124 79
96 1 98 4
183 136 188 137
93 181 95 184
46 97 51 98
14 139 17 141
113 100 124 100
139 231 140 236
119 36 121 39
30 53 35 54
160 103 165 104
81 8 92 8
51 53 62 53
5 200 10 201
24 163 24 174
54 99 54 110
113 226 113 237
130 34 130 45
148 167 148 178
78 139 89 139
161 113 164 115
9 232 11 235
127 142 127 153
95 176 100 177
121 73 123 76
28 82 29 87
85 212 90 213
150 80 152 83
160 62 160 73
184 114 189 115
88 225 89 230
54 50 59 51
171 228 176 229
161 36 161 47
49 168 60 168
27 102 28 107
31 19 32 24
61 192 64 194
127 184 129 187
177 221 188 221
52 95 54 98
86 220 88 223
49 41 52 43
49 192 49 203
0 21 1 26
191 64 193 67
121 224 124 226
49 3 60 3
80 217 85 218
93 245 98 246
60 85 60 96
153 168 154 173
168 92 168 103
195 136 196 141
146 11 157 11
156 225 156 236
114 221 119 222
127 47 132 48
115 41 115 52
153 42 158 43
0 130 0 141
10 2 13 4
76 3 76 14
76 161 87 161
155 129 156 134
144 194 155 194
66 211 71 212
78 28 80 31
24 115 27 117
66 208 71 209
79 111 80 116
102 183 107 184
75 241 77 244
111 115 116 116
49 216 52 218
2 203 13 203
47 125 52 126
57 234 59 237
22 113 27 114
5 184 7 187
96 81 97 86
121 88 121 99
31 31 33 34
98 166 109 166
24 177 35 177
145 49 150 50
137 102 139 105
87 19 89 22
71 132 73 135
37 70 39 73
144 9 149 10
91 118 93 121
155 106 160 107
177 73 179 76
103 33 106 35
0 204 11 204
1 143 12 143
32 48 37 49
71 219 71 230
142 6 153 6
0 42 2 45
72 166 77 167
69 113 71 116
43 53 44 58
190 157 190 168
195 194 198 196
13 227 15 230
26 98 37 98
124 7 125 12
16 27 16 38
52 155 63 155
164 224 166 227
177 211 178 216
60 243 65 244
96 62 107 62
126 5 128 8
126 200 127 205
150 85 150 96
43 189 44 194
62 211 65 213
175 90 180 91
185 224 185 235
6 68 17 68
183 153 185 156
56 98 59 100
147 44 158 44
18 205 21 207
76 219 87 219
36 11 36 22
183 242 185 245
81 178 84 180
138 247 143 248
34 147 35 152
44 81 47 83
158 182 169 182
73 151 84 151
99 154 102 156
147 217 158 217
151 238 156 239
125 51 127 54
67 128 72 129
24 58 25 63
181 168 181 179
62 146 73 146
183 83 186 85
13 202 24 202
37 33 39 36
1 84 12 84
93 225 95 228
127 19 129 22
62 35 62 46
27 21 28 26
181 143 192 143
30 202 31 207
102 29 107 30
122 28 122 39
10 181 13 183
152 19 155 21
172 86 175 88
157 60 168 60
65 233 67 236
155 114 157 117
130 63 132 66
54 196 55 201
89 208 100 208
177 201 179 204
193 47 198 48
38 2 49 2
49 156 54 157
188 90 190 93
104 227 106 230
5 19 7 22
134 17 139 18
10 74 12 77
125 196 128 198
68 118 79 118
73 73 78 74
28 165 31 167
180 14 191 14
183 186 183 197
35 101 40 102
41 98 44 100
191 18 196 19
143 212 143 223
32 127 35 129
157 213 168 213
133 133 133 144
92 104 93 109
195 163 195 174
33 55 33 66
195 131 197 134
177 39 178 44
122 237 123 242
114 207 115 212
159 92 159 103
187 178 192 179
30 140 30 151
72 1 74 4
54 247 65 247
114 244 125 244
19 150 24 151
79 123 80 128
24 187 26 190
68 73 68 84
52 55 57 56
59 0 64 1
75 194 76 199
110 22 113 24
125 183 126 188
186 28 189 30
160 53 171 53
31 169 34 171
107 72 108 77
37 56 37 67
94 142 105 142
39 217 44 218
37 135 40 137
35 92 40 93
159 239 161 242
175 104 178 106
47 151 52 152
109 85 109 96
74 213 75 218
140 14 145 15
119 141 121 144
58 9 59 14
95 122 100 123
18 209 23 210
150 211 161 211
86 67 88 70
111 121 112 126
178 26 181 28
150 150 151 155
43 71 45 74
11 175 16 176
137 156 137 167
37 44 40 46
80 35 81 40
101 4 112 4
92 126 92 137
156 168 159 170
34 194 35 199
96 110 99 112
132 180 133 185
172 165 177 166
126 132 131 133
109 20 109 31
27 180 32 181
14 222 19 223
81 64 92 64
62 131 73 131
73 18 84 18
152 113 154 116
192 230 193 235
102 63 105 65
51 171 62 171
44 143 44 154
94 8 95 13
45 34 56 34
168 234 173 235
18 166 23 167
133 33 133 44
40 110 42 113
117 230 120 232
181 180 181 191
137 214 138 219
157 236 160 238
138 35 138 46
185 111 190 112
137 106 140 108
105 194 105 205
106 201 117 201
194 71 195 76
110 131 111 136
13 20 15 23
45 123 56 123
196 219 196 230
36 222 47 222
114 189 125 189
24 102 26 105
22 217 33 217
167 158 178 158
122 150 125 152
91 96 91 107
133 191 144 191
51 209 54 211
92 40 97 41
128 67 139 67
110 19 115 20
13 147 14 152
69 90 74 91
55 174 55 185
167 160 168 165
31 187 33 190
99 144 110 144
82 243 85 245
29 223 31 226
114 171 119 172
174 151 175 156
156 87 159 89
23 225 28 226
64 173 69 174
21 81 24 83
190 239 191 244
173 12 178 13
24 245 35 245
74 50 85 50
138 72 141 74
87 167 87 178
153 183 155 186
83 203 84 208
79 186 90 186
138 83 140 86
113 208 113 219
41 166 44 168
101 7 102 12
98 36 100 39
141 31 142 36
156 90 156 101
139 137 140 142
91 146 92 151
61 245 72 245
91 30 94 32
149 127 152 129
166 5 169 7
154 157 155 162
11 56 22 56
61 203 72 203
195 119 195 130
116 65 118 68
51 84 56 85
39 6 42 8
163 186 166 188
18 15 23 16
60 137 61 142
113 83 124 83
125 57 126 62
136 125 138 128
135 153 136 158
145 120 150 121
17 169 22 170
102 238 104 241
140 176 140 187
20 29 22 32
136 27 139 29
141 168 146 169
3 24 6 26
152 101 153 106
107 220 109 223
169 68 170 73
44 90 47 92
183 77 194 77
157 218 159 221
116 161 127 161
31 182 36 183
139 40 142 42
176 193 176 204
117 16 120 18
141 129 144 131
172 34 175 36
183 48 183 59
142 107 142 118
32 115 34 118
118 208 129 208
12 17 15 19
148 139 159 139
111 71 116 72
82 13 84 16
168 17 168 28
3 4 3 15
101 92 106 93
84 82 89 83
6 166 9 168
125 173 126 178
130 72 130 83
159 23 159 34
67 150 68 155
98 106 101 108
12 57 15 59
23 137 24 142
43 42 45 45
89 168 94 169
52 232 53 237
150 131 151 136
85 31 85 42
149 183 151 186
32 108 37 109
176 114 178 117
139 44 144 45
43 59 54 59
86 71 97 71
128 25 128 36
104 155 107 157
7 12 9 15
117 204 122 205
145 81 148 83
109 214 111 217
140 145 143 147
32 227 43 227
179 129 190 129
92 24 95 26
130 55 132 58
89 241 94 242
95 149 98 151
147 30 149 33
2 62 7 63
96 156 96 167
3 58 5 61
143 134 144 139
133 6 133 17
39 1 50 1
143 87 146 89
140 154 140 165
140 243 142 246
26 70 29 72
76 42 77 47
18 79 20 82
84 46 87 48
71 186 74 188
164 147 175 147
72 11 74 14
150 146 155 147
101 38 103 41
89 198 100 198
191 35 193 38
42 118 43 123
179 227 180 232
15 0 18 2
193 7 195 10
85 92 90 93
23 75 24 80
160 153 165 154
99 179 102 181
119 164 130 164
68 170 71 172
48 220 49 225
23 147 28 148
121 190 124 192
149 178 160 178
163 209 174 209
18 235 23 236
130 230 132 233
28 51 29 56
55 147 57 150
57 68 58 73
145 108 156 108
39 145 40 150
152 202 155 204
145 150 148 152
85 196 85 207
161 174 163 177
163 240 164 245
71 180 74 182
169 3 180 3
156 141 158 144
185 186 190 187
1 210 2 215
157 172 162 173
25 41 27 44
17 51 20 53
119 148 124 149
186 4 197 4
88 158 89 163
111 108 112 113
161 100 164 102
99 183 101 186
42 124 45 126
161 64 161 75
71 193 82 193
165 242 168 244
64 160 75 160
176 77 178 80
49 206 54 207
72 136 74 139
5 229 5 240
120 132 125 133
6 194 11 195
63 241 68 242
134 3 136 6
127 111 127 122
178 142 180 145
150 243 152 246
42 78 53 78
117 164 118 169
194 23 196 26
126 165 127 170
189 217 191 220
164 237 167 239
73 235 75 238
45 131 48 133
196 85 197 90
2 77 3 82
144 232 155 232
52 173 63 173
45 63 50 64
48 214 53 215
17 218 28 218
89 114 90 119
14 205 15 210
68 42 68 53
159 37 159 48
37 212 38 217
162 65 162 76
26 196 27 201
67 188 69 191
54 165 57 167
0 47 5 48
154 80 155 85
84 162 84 173
24 238 26 241
0 226 3 228
28 108 28 119
47 153 50 155
79 220 80 225
170 131 172 134
142 16 153 16
93 148 104 148
94 128 95 133
70 108 73 110
61 121 63 124
103 247 108 248
89 155 92 157
57 175 62 176
9 62 12 64
18 28 29 28
90 61 101 61
69 218 70 223
138 4 140 7
37 197 48 197
189 79 190 84
13 43 16 45
172 143 175 145
26 65 29 67
107 230 109 233
166 33 171 34
178 33 179 38
105 59 108 61
110 188 113 190
66 93 71 94
59 209 64 210
71 177 76 178
132 1 137 2
183 207 194 207
45 110 46 115
122 157 127 158
5 10 10 11
170 118 171 123
52 11 54 14
152 31 155 33
2 169 5 171
75 129 77 132
13 113 13 124
70 177 70 188
50 192 50 203
69 16 69 27
73 57 84 57
17 229 18 234
161 160 164 162
123 26 123 37
42 211 44 214
185 197 190 198
77 10 82 11
60 24 63 26
190 130 190 141
170 219 181 219
36 148 38 151
104 37 104 48
105 37 105 48
178 167 189 167
63 54 68 55
44 76 55 76
88 50 89 55
2 146 7 147
92 171 94 174
130 244 132 247
62 136 67 137
61 149 66 150
63 30 63 41
130 125 131 130
51 134 52 139
138 143 139 148
44 14 45 19
87 99 90 101
142 94 144 97
113 123 114 128
123 245 128 246
24 107 26 110
161 128 166 129
143 38 148 39
162 78 162 89
191 52 191 63
132 150 132 161
68 224 69 229
37 206 40 208
22 192 25 194
185 201 186 206
12 204 13 209
51 23 54 25
131 217 131 228
30 35 31 40
52 86 55 88
147 69 149 72
68 0 68 11
6 119 9 121
58 214 61 216
183 72 188 73
11 32 13 35
67 192 68 197
103 168 103 179
129 27 130 32
87 73 92 74
41 75 52 75
76 229 81 230
46 182 48 185
156 18 159 20
110 179 121 179
86 33 97 33
116 238 119 240
61 158 62 163
87 35 88 40
173 213 175 216
111 221 112 226
135 227 135 238
192 220 193 225
172 82 175 84
142 198 144 201
30 66 31 71
106 14 107 19
94 124 105 124
122 47 122 58
81 188 83 191
66 181 67 186
89 122 90 127
173 173 174 178
184 118 195 118
39 52 50 52
121 110 126 111
107 122 110 124
5 85 16 85
140 99 145 100
27 81 27 92
71 68 72 73
94 214 95 219
33 74 38 75
193 81 198 82
45 170 56 170
129 195 132 197
167 9 172 10
100 75 100 86
94 186 94 197
91 37 96 38
47 226 48 231
35 15 35 26
43 61 54 61
85 109 87 112
57 103 68 103
41 128 44 130
151 97 153 100
172 205 183 205
172 50 173 55
51 99 53 102
11 6 12 11
138 23 140 26
156 198 158 201
38 105 41 107
168 237 170 240
194 105 196 108
109 32 109 43
150 64 151 69
64 116 65 121
20 61 21 66
61 86 72 86
85 75 90 76
37 129 38 134
175 183 177 186
52 28 54 31
165 116 170 117
166 148 171 149
184 193 186 196
36 230 39 232
120 68 125 69
20 137 22 140
156 125 158 128
173 67 175 70
71 38 73 41
149 60 152 62
107 196 112 197
139 220 141 223
186 92 187 97
0 7 1 12
159 244 162 246
84 226 87 228
62 83 67 84
171 245 176 246
190 115 193 117
25 126 26 131
37 118 39 121
121 6 121 17
134 74 135 79
189 96 191 99
74 65 75 70
47 21 58 21
8 151 10 154
180 75 182 78
116 85 117 90
48 108 53 109
14 143 17 145
6 110 7 115
88 149 89 154
140 17 143 19
2 134 5 136
179 114 179 125
176 5 178 8
159 116 164 117
135 81 136 86
155 191 158 193
170 103 170 114
76 77 87 77
104 185 107 187
186 70 197 70
39 68 44 69
47 7 50 9
26 247 37 247
56 58 57 63
41 3 44 5
101 14 103 17
157 109 162 110
99 146 104 147
52 129 57 130
1 118 1 129
28 2 30 5
74 140 77 142
109 79 110 84
114 35 114 46
36 77 38 80
102 111 102 122
110 95 115 96
106 177 109 179
185 41 186 46
36 24 36 35
50 131 61 131
106 111 106 122
145 201 150 202
198 156 198 167
17 94 18 99
157 52 159 55
190 214 193 216
97 87 99 90
13 106 16 108
193 49 194 54
9 125 10 130
100 128 102 131
87 42 89 45
0 52 0 63
38 64 43 65
97 210 102 211
146 187 151 188
78 136 81 138
169 200 174 201
130 69 133 71
33 233 33 244
149 174 154 175
134 148 137 150
191 247 196 248
86 1 88 4
164 166 167 168
81 84 84 86
1 139 12 139
94 89 94 100
17 191 19 194
170 41 171 46
19 101 30 101
4 28 5 33
76 106 87 106
154 222 165 222
116 173 121 174
145 25 146 30
121 20 123 23
121 214 132 214
8 24 13 25
45 175 48 177
69 241 71 244
77 97 88 97
186 53 187 58
114 48 114 59
85 54 87 57
145 52 145 63
11 111 16 112
163 178 168 179
107 115 108 120
152 152 154 155
81 5 86 6
172 189 174 192
90 188 93 190
84 147 89 148
63 161 74 161
77 209 79 212
169 0 180 0
25 92 26 97
155 151 166 151
124 29 125 34
162 91 163 96
145 43 146 48
142 176 147 177
183 218 186 220
117 182 118 187
14 7 17 9
123 216 125 219
78 181 80 184
4 36 5 41
55 218 60 219
20 123 25 124
110 74 113 76
60 106 61 111
53 136 54 141
140 124 140 135
106 191 111 192
46 46 49 48
43 62 54 62
162 136 167 137
38 179 38 190
25 133 26 138
98 138 103 139
9 50 11 53
176 152 177 157
12 198 17 199
187 7 188 12
13 193 15 196
37 160 40 162
63 186 65 189
130 241 133 243
56 66 61 67
123 180 124 185
173 139 178 140
138 242 149 242
11 168 12 173
15 75 20 76
13 100 16 102
197 10 198 15
19 118 21 121
147 35 152 36
8 173 10 176
139 224 144 225
193 156 196 158
67 124 69 127
175 54 180 55
193 128 193 139
23 216 34 216
88 164 91 166
48 38 59 38
161 156 166 157
0 232 1 237
118 91 119 96
37 245 42 246
160 170 171 170
98 213 101 215
103 88 105 91
171 103 172 108
55 110 55 121
170 242 175 243
60 27 62 30
1 217 3 220
156 197 167 197
80 130 81 135
169 94 174 95
172 26 175 28
154 28 157 30
0 163 3 165
83 157 85 160
16 155 17 160
153 228 155 231
24 220 35 220
7 245 12 246
92 237 103 237
168 66 168 77
134 12 139 13
74 23 77 25
34 231 35 236
48 89 49 94
179 223 184 224
184 55 185 60
86 117 86 128
17 148 22 149
60 58 61 63
186 246 197 246
4 65 4 76
102 72 103 77
25 36 28 38
153 209 158 210
108 90 108 101
8 54 9 59
120 214 120 225
185 133 188 135
21 232 24 234
25 31 30 32
142 203 142 214
49 233 51 236
0 160 5 161
103 20 108 21
29 136 31 139
34 163 36 166
72 112 74 115
18 244 23 245
173 15 176 17
145 219 147 222
30 133 33 135
98 132 109 132
158 122 161 124
189 228 189 239
110 47 110 58
37 87 40 89
141 55 142 60
44 119 47 121
162 200 162 211
162 98 167 99
20 13 31 13
8 38 11 40
22 58 23 63
105 136 107 139
96 234 99 236
164 94 166 97
68 240 79 240
167 72 167 83
183 7 186 9
193 29 198 30
70 62 71 67
156 50 167 50
50 120 53 122
122 12 123 17
174 96 176 99
128 104 128 115
49 162 60 162
110 141 115 142
62 12 62 23
21 159 22 164
75 113 78 115
50 22 61 22
89 201 94 202
86 190 86 201
132 131 137 132
150 224 151 229
66 143 77 143
56 113 67 113
92 203 97 204
7 223 7 234
41 233 44 235
97 158 102 159
37 191 42 192
112 198 117 199
23 130 24 135
146 97 148 100
186 180 187 185
177 159 180 161
178 124 178 135
147 125 152 126
36 171 47 171
182 150 187 151
3 85 4 90
7 47 8 52
190 21 195 22
72 208 75 210
82 236 85 238
83 128 84 133
133 212 134 217
69 83 72 85
163 126 174 126
172 1 177 2
158 135 160 138
153 140 164 140
187 48 189 51
178 187 178 198
20 68 22 71
153 196 155 199
47 79 58 79
94 107 95 112
159 233 170 233
96 170 97 175
36 125 38 128
106 202 111 203
71 148 82 148
169 137 174 138
19 248 30 248
147 128 147 139
76 149 81 150
112 81 117 82
43 224 46 226
168 37 173 38
46 141 51 142
8 26 10 29
156 145 158 148
158 90 158 101
13 136 16 138
97 19 100 21
19 22 22 24
13 71 14 76
85 136 90 137
116 228 121 229
41 26 41 37
142 160 145 162
38 12 38 23
139 214 140 219
119 112 124 113
179 39 179 50
129 88 132 90
170 196 173 198
149 158 151 161
112 45 112 56
8 86 13 87
109 9 111 12
135 53 138 55
115 152 115 163
2 124 4 127
64 133 67 135
33 94 44 94
178 155 181 157
57 114 57 125
22 33 25 35
73 152 74 157
123 198 124 203
163 130 165 133
165 74 166 79
94 65 95 70
171 76 171 87
164 203 175 203
135 139 136 144
77 245 80 247
19 93 24 94
137 183 138 188
19 107 21 110
164 82 166 85
100 102 105 103
191 25 192 30
160 33 160 44
70 71 70 82
87 199 88 204
11 105 12 110
146 94 149 96
175 127 176 132
79 72 82 74
12 190 23 190
155 66 156 71
112 101 113 106
0 1 5 2
2 193 4 196
56 189 59 191
1 38 3 41
46 146 48 149
17 203 28 203
111 117 113 120
43 20 45 23
48 15 59 15
163 63 163 74
64 122 69 123
32 121 34 124
90 224 91 229
77 12 80 14
63 70 68 71
121 115 124 117
143 49 143 60
72 19 77 20
30 230 32 233
95 101 98 103
46 156 47 161
151 165 154 167
136 192 137 197
66 231 71 232
72 58 73 63
191 80 192 85
119 77 120 82
141 62 142 67
123 135 128 136
198 103 198 114
138 68 143 69
103 150 108 151
61 3 62 8
15 246 18 248
190 39 195 40
35 40 37 43
186 67 189 69
80 168 81 173
15 168 16 173
116 147 117 152
158 112 160 115
69 162 71 165
121 41 123 44
29 186 29 197
93 160 94 165
71 25 72 30
20 1 21 6
130 218 130 229
165 21 166 26
70 96 81 96
83 233 86 235
34 58 35 63
31 91 32 96
107 237 109 240
195 183 197 186
180 122 181 127
173 31 178 32
166 57 177 57
131 91 134 93
129 142 131 145
133 195 134 200
91 79 96 80
109 246 112 248
179 137 181 140
105 182 116 182
96 27 99 29
173 99 173 110
169 226 174 227
36 219 47 219
133 87 136 89
59 145 70 145
1 116 6 117
49 184 51 187
22 4 27 5
74 52 76 55
24 208 29 209
69 106 74 107
180 210 181 215
142 233 153 233
179 198 184 199
43 208 48 209
169 151 172 153
98 55 103 56
68 12 68 23
179 92 184 93
123 193 128 194
65 201 70 202
71 190 76 191
51 145 56 146
186 123 189 125
67 35 72 36
64 220 66 223
88 112 88 123
125 40 126 45
169 60 170 65
10 161 11 166
177 70 180 72
13 159 15 162
6 155 7 160
63 43 66 45
62 221 62 232
56 86 57 91
176 171 177 176
163 76 164 81
38 163 41 165
16 182 19 184
44 180 49 181
96 97 107 97
92 16 97 17
43 27 43 38
131 23 134 25
17 44 22 45
156 75 156 86
121 195 122 200
24 184 35 184
171 113 182 113
67 109 69 112
72 226 83 226
169 15 171 18
36 142 39 144
46 36 47 41
191 121 191 132
38 61 41 63
131 136 132 141
127 60 138 60
40 187 42 190
65 25 67 28
102 162 107 163
62 88 63 93
39 9 40 14
192 102 197 103
146 59 147 64
55 133 58 135
104 68 104 79
91 144 96 145
197 161 197 172
176 237 181 238
37 83 40 85
101 79 101 90
75 175 80 176
151 10 162 10
65 35 66 40
105 7 107 10
111 227 111 238
61 96 66 97
113 241 116 243
30 209 32 212
8 71 9 76
57 106 58 111
5 53 7 56
148 104 150 107
116 31 118 34
4 13 6 16
194 177 196 180
18 103 21 105
187 33 198 33
165 142 167 145
55 41 60 42
165 210 176 210
33 228 38 229
5 129 8 131
198 232 198 243
23 48 25 51
189 154 194 155
93 52 95 55
107 33 107 44
185 94 185 105
153 37 156 39
175 188 175 199
188 208 188 219
94 229 95 234
92 60 103 60
80 43 82 46
24 11 29 12
186 102 188 105
152 85 153 90
195 189 197 192
196 56 197 61
162 29 164 32
12 155 12 166
182 160 185 162
56 240 59 242
5 176 7 179
75 29 75 40
169 185 172 187
130 238 133 240
149 113 151 116
104 49 104 60
166 219 168 222
159 14 164 15
86 85 87 90
56 178 58 181
80 200 82 203
178 81 181 83
154 8 159 9
118 139 118 150
0 111 0 122
175 225 180 226
117 60 120 62
128 168 130 171
55 92 55 103
138 194 143 195
118 85 120 88
13 26 14 31
50 45 51 50
197 16 197 27
145 65 148 67
182 138 187 139
89 174 90 179
125 124 128 126
131 106 134 108
147 113 148 118
66 29 69 31
188 22 189 27
105 241 107 244
126 71 127 76
154 13 157 15
39 175 42 177
102 1 107 2
109 162 111 165
110 91 112 94
191 167 193 170
80 210 91 210
144 77 155 77
38 86 49 86
139 239 142 241
169 212 170 217
34 4 36 7
32 11 34 14
2 233 2 244
54 46 59 47
11 124 12 129
182 87 187 88
29 34 29 45
89 47 100 47
177 164 188 164
13 163 18 164
171 20 173 23
196 6 198 9
164 202 175 202
122 90 123 95
111 138 114 140
172 135 177 136
60 227 61 232
134 32 136 35
130 203 131 208
43 159 44 164
116 211 127 211
13 10 16 12
56 6 57 11
29 153 34 154
19 221 30 221
134 97 137 99
13 242 18 243
33 222 35 225
2 183 4 186
101 145 112 145
102 22 103 27
98 52 101 54
59 85 59 96
56 200 58 203
172 119 177 120
150 214 155 215
150 189 161 189
13 91 24 91
115 111 117 114
143 107 144 112
35 238 37 241
11 144 11 155
47 65 52 66
170 47 175 48
42 135 42 146
154 35 159 36
28 161 33 162
116 9 116 20
166 29 177 29
133 165 135 168
97 164 108 164
54 222 56 225
23 205 28 206
5 219 16 219
80 65 81 70
185 106 188 108
96 182 98 185
144 229 147 231
125 137 125 148
69 44 70 49
20 195 25 196
146 203 151 204
117 101 118 106
7 239 18 239
177 187 177 198
78 107 83 108
100 243 102 246
82 90 83 95
33 137 34 142
104 189 104 200
85 25 88 27
94 199 99 200
29 119 29 130
41 9 44 11
81 49 92 49
11 48 16 49
44 246 55 246
170 140 171 145
49 101 50 106
20 243 31 243
118 27 120 30
81 79 86 80
79 98 81 101
152 136 155 138
165 172 166 177
179 7 180 12
4 221 9 222
113 15 115 18
106 25 108 28
194 132 194 143
118 107 120 110
80 152 85 153
152 64 154 67
164 123 169 124
149 2 151 5
105 55 108 57
35 99 40 100
21 9 32 9
18 61 19 66
12 65 15 67
16 69 19 71
176 36 176 47
109 14 111 17
184 228 184 239
109 99 120 99
11 236 16 237
67 98 78 98
113 78 116 80
149 176 154 177
149 23 154 24
145 204 145 215
3 190 6 192
86 172 86 183
165 55 170 56
163 37 166 39
115 214 116 219
101 125 104 127
198 58 198 69
187 172 188 177
52 243 57 244
125 85 127 88
57 31 59 34
197 210 197 221
149 247 154 248
192 240 194 243
182 38 185 40
191 193 191 204
139 111 141 114
16 179 21 180
161 223 162 228
109 97 120 97
65 164 67 167
47 189 50 191
187 147 192 148
74 29 74 40
98 201 99 206
182 210 185 212
41 108 46 109
67 39 67 50
28 156 33 157
102 232 104 235
4 214 15 214
150 72 155 73
167 245 170 247
3 108 8 109
57 24 59 27
71 194 74 196
65 224 67 227
192 197 195 199
120 129 125 130
29 198 32 200
72 16 77 17
78 20 83 21
75 248 86 248
194 57 195 62
144 60 144 71
198 129 198 140
191 89 193 92
114 230 115 235
133 205 138 206
56 204 61 205
12 80 15 82
176 61 177 66
86 12 88 15
13 61 15 64
76 1 81 2
2 14 2 25
17 47 28 47
31 77 33 80
135 113 135 124
19 214 21 217
69 3 71 6
165 67 166 72
5 44 10 45
9 134 12 136
122 227 125 229
101 45 103 48
184 188 186 191
59 74 62 76
33 39 44 39
110 168 113 170
107 105 110 107
104 217 105 222
107 194 112 195
42 242 53 242
132 215 132 226
75 60 80 61
145 17 147 20
1 104 1 115
127 227 128 232
82 102 84 105
107 226 110 228
128 138 128 149
43 46 45 49
105 77 106 82
9 115 11 118
133 80 144 80
70 15 71 20
105 128 108 130
186 245 197 245
111 151 112 156
183 170 186 172
83 61 86 63
154 109 156 112
131 162 132 167
129 188 130 193
111 207 112 212
156 22 158 25
74 58 85 58
102 212 105 214
107 48 109 51
185 214 187 217
26 168 28 171
186 154 188 157
112 32 115 34
30 213 33 215
8 177 19 177
175 22 178 24
114 143 116 146
68 205 71 207
187 40 189 43
171 163 182 163
159 199 160 204
143 1 148 2
0 86 2 89
69 68 69 79
111 25 113 28
181 32 192 32
195 152 197 155
119 64 119 75
48 213 59 213
192 183 192 194
41 140 41 151
100 110 101 115
72 7 75 9
138 197 140 200
0 100 11 100
36 186 36 197
107 172 110 174
172 59 175 61
76 235 81 236
152 46 153 51
157 132 162 133
5 79 8 81
146 191 149 193
134 178 136 181
178 169 180 172
112 85 113 90
187 188 189 191
5 86 7 89
66 0 66 11
97 207 108 207
107 84 108 89
15 215 18 217
105 105 106 110
97 191 102 192
101 208 106 209
15 74 26 74
60 132 63 134
143 234 145 237
161 19 164 21
181 13 192 13
176 18 178 21
2 54 4 57
133 245 136 247
158 76 159 81
92 221 103 221
137 169 138 174
107 69 110 71
34 173 39 174
69 135 70 140
48 163 59 163
74 51 85 51
4 220 15 220
141 154 144 156
33 90 38 91
101 3 112 3
53 238 64 238
125 154 128 156
80 52 83 54
59 120 60 125
195 50 196 55
70 89 81 89
5 64 5 75
21 100 32 100
0 156 5 157
103 105 103 116
112 160 113 165
88 89 93 90
35 81 40 82
138 226 143 227
23 152 23 163
105 233 106 238
39 17 42 19
126 16 131 17
122 62 124 65
174 121 177 123
56 153 61 154
155 54 155 65
114 190 119 191
121 103 124 105
177 247 182 248
34 200 34 211
118 201 121 203
134 47 139 48
81 187 92 187
175 9 178 11
126 29 127 34
8 41 11 43
132 7 132 18
142 74 147 75
171 89 173 92
29 62 32 64
119 153 121 156
146 212 157 212
115 56 117 59
42 228 44 231
26 152 28 155
179 173 180 178
56 196 61 197
161 218 164 220
52 17 55 19
71 79 73 82
64 58 64 69
98 141 109 141
156 205 158 208
123 220 125 223
174 100 177 102
122 119 123 124
147 90 149 93
55 140 57 143
89 62 94 63
148 17 148 28
182 181 184 184
116 40 116 51
50 80 52 83
65 153 66 158
149 56 151 59
63 222 63 233
90 50 95 51
150 27 152 30
120 0 131 0
79 22 82 24
197 198 198 203
31 158 34 160
5 180 8 182
137 93 140 95
90 14 95 15
91 112 93 115
137 8 142 9
62 56 67 57
2 223 5 225
19 35 20 40
54 68 56 71
139 196 150 196
2 152 7 153
19 172 21 175
182 119 184 122
8 190 11 192
165 87 166 92
117 4 117 15
76 64 77 69
53 186 53 197
136 117 138 120
14 117 17 119
0 180 0 191
180 116 185 117
6 196 9 198
35 167 38 169
142 104 147 105
42 151 43 156
25 229 26 234
86 144 89 146
97 50 102 51
85 229 87 232
3 243 4 248
107 208 109 211
89 181 92 183
41 236 46 237
179 149 180 154
119 206 124 207
126 99 127 104
130 118 132 121
3 230 4 235
35 201 40 202
73 125 74 130
64 88 67 90
103 158 114 158
194 112 197 114
147 180 158 180
49 11 51 14
139 189 144 190
16 73 27 73
59 177 59 188
163 206 166 208
187 158 188 163
165 189 168 191
97 226 102 227
8 141 13 142
92 56 94 59
63 147 68 148
35 155 40 156
30 43 31 48
146 147 149 149
10 216 13 218
88 65 93 66
117 124 117 135
149 220 152 222
19 122 19 133
55 136 57 139
44 27 44 38
17 211 20 213
67 168 72 169
125 22 126 27
185 119 190 120
32 172 43 172
97 127 97 138
53 81 56 83
113 2 113 13
70 198 73 200
158 194 169 194
66 120 71 121
138 150 138 161
38 50 49 50
121 125 124 127
130 9 131 14
95 5 106 5
44 172 47 174
21 143 24 145
157 74 157 85
82 0 84 3
121 54 121 65
113 175 116 177
73 232 78 233
32 130 35 132
178 165 189 165
144 245 146 248
66 138 68 141
76 27 77 32
124 37 129 38
42 102 44 105
136 50 139 52
3 98 8 99
92 153 97 154
124 2 127 4
46 42 48 45
153 126 154 131
24 22 25 27
31 144 34 146
7 122 8 127
27 172 30 174
82 168 83 173
15 39 17 42
66 237 71 238
94 6 105 6
22 246 33 246
130 100 135 101
92 76 97 77
150 110 153 112
52 182 54 185
0 74 0 85
157 118 159 121
191 0 194 2
135 213 135 224
178 64 189 64
118 158 121 160
103 224 108 225
50 117 53 119
154 98 155 103
159 229 162 231
147 12 152 13
176 206 178 209
76 92 81 93
148 140 151 142
55 195 66 195
73 46 75 49
116 21 119 23
98 104 109 104
39 27 40 32
128 51 131 53
98 161 109 161
64 21 67 23
37 223 39 226
158 215 163 216
7 28 7 39
129 68 129 79
22 212 24 215
65 106 66 111
70 50 70 61
62 167 64 170
9 32 10 37
87 127 88 132
99 66 104 67
13 95 16 97
97 93 100 95
63 178 65 181
105 180 116 180
78 121 78 132
43 136 48 137
82 120 84 123
54 227 56 230
120 41 120 52
145 133 146 138
69 152 70 157
34 95 45 95
45 200 48 202
47 111 48 116
133 63 135 66
134 7 136 10
4 3 5 8
119 8 120 13
86 246 91 247
0 34 2 37
79 214 82 216
32 15 34 18
57 226 58 231
92 82 95 84
149 122 154 123
94 125 99 126
32 101 34 104
54 43 57 45
42 178 53 178
186 222 191 223
88 102 89 107
141 200 141 211
130 174 135 175
45 228 46 233
46 69 47 74
161 199 172 199
183 97 183 108
196 38 198 41
18 186 20 189
32 50 37 51
58 80 58 91
83 23 88 24
183 2 188 3
70 122 75 123
129 4 129 15
18 132 18 143
18 85 19 90
90 193 93 195
69 10 71 13
29 14 29 25
123 172 134 172
139 177 139 188
180 34 182 37
99 169 101 172
163 51 168 52
93 18 94 23
44 169 55 169
159 149 164 150
139 90 144 91
137 221 137 232
17 20 18 25
76 183 77 188
154 46 154 57
81 25 84 27
49 54 60 54
65 204 76 204
163 230 166 232
1 189 12 189
100 195 103 197
29 239 31 242
143 164 154 164
1 71 3 74
135 21 136 26
53 248 64 248
124 80 129 81
52 112 54 115
84 19 86 22
156 4 158 7
16 54 27 54
19 152 19 163
141 21 146 22
25 141 26 146
198 217 198 228
51 208 62 208
27 94 30 96
9 78 10 83
20 153 21 158
152 190 154 193
131 41 132 46
115 124 116 129
54 64 59 65
16 17 19 19
25 82 26 87
89 25 90 30
144 78 155 78
109 61 112 63
24 15 26 18
115 224 117 227
126 215 128 218
82 125 82 136
140 151 143 153
53 158 58 159
134 56 137 58
100 22 101 27
192 162 194 165
169 183 174 184
109 183 112 185
160 58 171 58
85 215 90 216
81 223 84 225
128 1 131 3
35 37 40 38
113 246 116 248
167 230 178 230
165 118 167 121
52 190 52 201
102 80 102 91
115 193 117 196
72 102 75 104
47 35 58 35
160 85 160 96
34 65 36 68
68 159 79 159
67 32 72 33
141 157 146 158
141 126 144 128
144 113 145 118
162 33 165 35
20 128 22 131
179 179 180 184
80 239 91 239
42 239 47 240
126 224 129 226
81 163 83 166
135 183 136 188
180 96 180 107
8 3 9 8
20 10 31 10
8 185 10 188
9 210 11 213
170 159 173 161
110 234 110 245
159 127 170 127
45 3 48 5
1 137 6 138
118 4 118 15
92 239 97 240
78 7 89 7
146 213 148 216
133 127 135 130
116 234 118 237
67 176 69 179
49 239 60 239
49 111 51 114
3 110 5 113
161 190 164 192
27 141 28 146
14 130 17 132
6 30 6 41
104 170 104 181
197 223 197 234
56 17 59 19
121 186 124 188
134 133 135 138
17 14 28 14
163 211 168 212
168 134 168 145
81 113 82 118
3 119 5 122
4 106 9 107
129 236 134 237
127 62 129 65
142 101 145 103
133 103 136 105
171 64 171 75
131 110 133 113
161 24 161 35
179 101 179 112
65 215 70 216
144 34 146 37
110 38 112 41
183 74 186 76
5 243 6 248
142 179 145 181
100 201 101 206
93 155 95 158
165 61 166 66
167 207 172 208
0 174 5 175
160 205 161 210
60 12 61 17
54 188 55 193
186 233 188 236
183 61 186 63
121 162 126 163
189 16 194 17
50 89 53 91
50 219 50 230
9 93 12 95
85 130 86 135
181 228 183 231
74 83 76 86
133 47 133 58
165 106 166 111
44 67 55 67
110 186 115 187
52 220 52 231
120 165 125 166
0 166 5 167
118 117 118 128
88 231 93 232
193 187 194 192
18 219 23 220
3 215 14 215
196 164 196 175
0 243 1 248
85 209 96 209
183 123 184 128
157 225 158 230
29 111 32 113
151 196 152 201
152 181 157 182
91 1 92 6
181 67 182 72
89 129 91 132
136 212 136 223
63 87 74 87
112 130 114 133
9 206 11 209
123 49 124 54
198 83 198 94
189 52 190 57
105 22 108 24
4 208 5 213
139 160 139 171
76 36 77 41
45 128 56 128
183 16 185 19
62 78 64 81
54 160 59 161
184 86 195 86
163 234 166 236
10 12 12 15
47 144 58 144
152 92 155 94
35 213 36 218
191 103 191 114
179 242 182 244
165 1 167 4
142 186 145 188
136 79 147 79
169 175 172 177
0 205 0 216
44 24 49 25
67 246 72 247
39 122 41 125
159 183 161 186
59 105 70 105
8 157 11 159
36 111 39 113
94 45 99 46
181 52 182 57
120 234 121 239
144 223 155 223
192 128 192 139
55 152 66 152
127 177 130 179
184 47 186 50
106 38 106 49
91 212 96 213
169 22 170 27
0 197 5 198
114 164 116 167
159 143 160 148
41 184 44 186
104 118 105 123
25 236 30 237
106 98 107 103
127 41 129 44
183 34 188 35
129 199 131 202
26 157 27 162
91 27 94 29
100 149 111 149
112 29 115 31
28 73 31 75
178 56 180 59
26 6 31 7
18 8 19 13
74 144 77 146
63 140 65 143
114 103 116 106
195 218 195 229
77 59 88 59
79 198 84 199
115 213 126 213
169 167 172 169
187 199 188 204
12 221 13 226
55 210 58 212
13 165 14 170
13 36 14 41
155 163 166 163
179 6 190 6
96 222 96 233
73 56 84 56
94 115 97 117
179 30 184 31
181 201 183 204
61 129 66 130
184 99 184 110
162 125 173 125
143 238 145 241
150 0 155 1
30 119 30 130
45 211 46 216
113 145 113 156
141 48 142 53
142 170 144 173
0 102 5 103
152 234 155 236
58 147 60 150
153 187 158 188
32 1 35 3
80 240 83 242
23 178 24 183
119 54 120 59
167 183 168 188
47 0 58 0
34 21 34 32
26 77 28 80
75 179 80 180
108 137 110 140
60 200 63 202
192 68 197 69
46 100 48 103
185 78 188 80
63 106 64 111
27 130 28 135
149 98 150 103
45 163 46 168
191 210 194 212
35 140 40 141
62 218 67 219
118 133 119 138
97 69 102 70
175 177 178 179
182 144 187 145
107 78 108 83
168 128 171 130
74 171 79 172
16 120 18 123
157 68 158 73
88 189 89 194
61 206 66 207
119 175 122 177
118 45 118 56
154 240 156 243
89 235 94 236
148 235 150 238
157 175 160 177
6 163 9 165
152 158 153 163
78 34 79 39
55 206 60 207
7 60 12 61
59 78 61 81
178 84 179 89
121 84 124 86
141 136 142 141
139 33 140 38
140 148 143 150
18 32 18 43
33 86 35 89
12 233 15 235
120 116 120 127
196 73 198 76
182 175 183 180
82 149 87 150
180 5 191 5
168 78 169 83
74 164 79 165
68 99 73 100
128 68 128 79
84 67 85 72
174 222 177 224
72 183 75 185
23 64 24 69
194 65 197 67
167 39 172 40
35 115 38 117
139 120 139 131
60 9 63 11
128 209 130 212
27 58 30 60
170 80 170 91
64 29 64 40
97 165 108 165
180 131 181 136
135 201 137 204
93 138 96 140
71 234 82 234
37 157 42 158
92 175 93 180
39 194 42 196
129 123 134 124
127 49 132 50
118 1 123 2
131 26 134 28
48 20 59 20
175 180 178 182
104 206 115 206
124 18 126 21
90 55 91 60
15 25 15 36
59 104 70 104
131 78 132 83
1 148 4 150
180 18 182 21
139 87 142 89
137 136 138 141
9 46 20 46
189 170 190 175
32 68 33 73
16 3 19 5
119 195 120 200
50 40 61 40
35 203 38 205
146 207 148 210
8 88 11 90
114 61 115 66
49 4 52 6
83 114 84 119
119 180 120 185
119 42 119 53
49 176 54 177
155 166 155 177
10 101 10 112
158 248 169 248
180 240 185 241
85 163 86 168
48 172 59 172
129 134 130 139
194 232 195 237
46 8 46 19
94 74 99 75
134 151 134 162
156 183 158 186
102 94 105 96
196 93 197 98
169 236 180 236
10 119 12 122
182 26 185 28
129 93 130 98
90 86 93 88
164 44 167 46
83 38 84 43
58 118 58 129
38 66 43 67
167 86 168 91
87 205 92 206
36 103 41 104
71 52 72 57
14 77 19 78
80 81 91 81
173 238 175 241
105 147 110 148
40 79 45 80
172 68 172 79
197 138 197 149
38 243 43 244
16 79 17 84
145 171 147 174
99 217 101 220
97 42 100 44
29 218 34 219
146 51 151 52
13 184 14 189
72 222 77 223
110 66 113 68
83 184 88 185
171 211 172 216
19 176 30 176
114 107 117 109
111 204 116 205
45 142 45 153
86 240 87 245
49 147 52 149
177 217 182 218
102 133 105 135
177 15 188 15
68 58 69 63
56 92 58 95
67 0 67 11
41 179 43 182
52 164 63 164
0 28 3 30
146 198 149 200
23 185 34 185
38 241 49 241
194 12 196 15
4 93 7 95
92 92 93 97
100 99 103 101
88 168 88 179
96 30 101 31
123 230 126 232
61 41 61 52
32 248 43 248
150 144 155 145
157 129 160 131
13 88 16 90
0 143 0 154
162 119 163 124
18 57 29 57
49 68 52 70
164 215 167 217
17 226 20 228
37 27 38 32
180 84 181 89
83 142 85 145
112 6 112 17
13 13 15 16
49 77 60 77
118 246 121 248
55 24 56 29
164 64 164 75
62 51 67 52
121 167 123 170
183 140 188 141
129 84 134 85
172 115 175 117
93 1 95 4
128 180 130 183
29 106 34 107
105 152 110 153
167 231 172 232
64 17 66 20
107 108 109 111
169 171 174 172
42 20 42 31
149 17 150 22
6 169 9 171
27 178 32 179
193 121 194 126
149 169 152 171
44 138 49 139
42 87 47 88
102 201 104 204
6 226 6 237
188 74 191 76
189 182 191 185
114 74 116 77
139 60 140 65
87 0 98 0
39 54 42 56
3 205 8 206
141 84 152 84
158 11 161 13
80 204 82 207
135 30 140 31
62 214 73 214
27 230 28 235
186 18 189 20
195 77 198 79
75 78 77 81
61 144 72 144
85 169 85 180
120 135 121 140
147 34 158 34
18 111 23 112
54 215 57 217
18 151 18 162
159 49 170 49
196 207 196 218
46 192 48 195
172 43 174 46
180 40 181 45
0 96 11 96
102 167 102 178
122 248 133 248
95 89 95 100
98 133 101 135
174 159 176 162
192 173 194 176
90 35 95 36
78 9 89 9
25 211 28 213
134 69 136 72
103 84 105 87
179 192 182 194
76 207 76 218
29 114 31 117
144 122 147 124
133 176 138 177
178 1 189 1
177 46 178 51
14 200 25 200
48 165 53 166
77 189 79 192
71 88 82 88
41 51 52 51
126 128 128 131
98 230 101 232
157 171 168 171
175 109 178 111
187 227 188 232
56 184 58 187
45 53 48 55
88 243 93 244
41 13 43 16
89 248 100 248
170 96 173 98
135 41 137 44
48 159 51 161
169 154 171 157
188 193 190 196
48 117 49 122
1 57 1 68
150 148 155 149
47 57 58 57
9 18 10 23
7 207 8 212
108 36 108 47
192 181 197 182
118 24 121 26
90 18 92 21
105 52 108 54
96 120 101 121
0 176 2 179
192 55 193 60
114 9 115 14
131 94 136 95
58 156 63 157
53 216 53 227
6 148 9 150
71 76 74 78
107 167 109 170
163 47 168 48
42 131 44 134
83 99 86 101
189 226 194 227
106 218 111 219
58 114 63 115
168 104 169 109
59 132 59 143
35 209 38 211
174 49 176 52
37 198 40 200
5 241 16 241
71 150 72 155
50 32 55 33
133 221 133 232
72 201 77 202
189 201 190 206
169 99 172 101
0 172 5 173
129 147 129 158
145 109 147 112
61 99 64 101
183 131 188 132
185 109 190 110
131 169 134 171
193 200 196 202
19 239 22 241
131 29 134 31
76 168 79 170
41 89 43 92
95 72 100 73
126 141 126 152
134 37 137 39
6 65 11 66
37 0 37 11
26 0 31 1
86 10 91 11
163 204 174 204
78 17 89 17
195 35 198 37
124 240 129 241
54 232 56 235
126 189 128 192
141 171 141 182
96 9 98 12
32 201 33 206
61 68 62 73
137 233 138 238
17 224 22 225
82 34 84 37
89 108 90 113
150 7 153 9
49 132 50 137
114 24 117 26
35 118 36 123
91 122 93 125
196 239 197 244
121 107 124 109
176 234 181 235
77 4 80 6
114 119 117 121
182 81 187 82
122 66 127 67
16 205 17 210
186 239 188 242
161 87 161 98
0 50 5 51
161 138 166 139
193 109 196 111
110 31 111 36
190 48 192 51
136 62 138 65
113 52 113 63
30 14 30 25
27 29 32 30
72 224 77 225
141 229 143 232
141 92 146 93
184 173 185 178
117 209 122 210
180 147 185 148
6 2 7 7
21 41 24 43
17 49 22 50
163 193 174 193
62 179 62 190
10 238 21 238
157 242 158 247
177 240 178 245
90 222 95 223
11 130 13 133
136 160 136 171
45 127 56 127
188 87 193 88
148 45 151 47
147 153 148 158
96 189 101 190
167 100 167 111
140 0 142 3
115 35 118 37
156 56 159 58
130 61 135 62
23 118 26 120
53 147 54 152
23 19 26 21
124 55 129 56
186 31 197 31
189 9 192 11
145 40 156 40
141 166 146 167
21 222 32 222
45 26 50 27
156 214 167 214
132 189 137 190
159 141 164 142
31 221 42 221
20 115 23 117
125 233 127 236
160 16 165 17
81 110 84 112
128 116 129 121
20 96 23 98
153 224 155 227
141 119 152 119
160 18 160 29
38 58 41 60
28 76 39 76
190 208 195 209
135 90 138 92
48 16 59 16
183 168 188 169
92 152 103 152
1 132 6 133
123 138 124 143
104 112 105 117
186 126 189 128
166 31 171 32
178 166 189 166
25 182 30 183
118 70 118 81
163 23 164 28
1 140 4 142
159 158 164 159
70 124 72 127
145 224 148 226
68 119 79 119
136 225 136 236
183 36 188 37
40 238 51 238
99 33 102 35
37 152 40 154
85 94 90 95
144 218 155 218
9 247 14 248
83 65 83 76
12 55 23 55
90 160 92 163
31 191 34 193
155 46 158 48
64 8 65 13
72 43 75 45
47 247 52 248
111 171 112 176
86 152 87 157
54 36 59 37
96 187 101 188
14 197 25 197
8 242 11 244
137 110 138 115
168 224 173 225
75 109 80 110
125 98 125 109
6 73 7 78
13 211 16 213
18 204 29 204
138 70 143 71
180 206 182 209
75 136 77 139
11 98 16 99
27 118 27 129
62 60 63 65
32 83 35 85
16 124 18 127
15 178 15 189
45 185 45 196
39 211 40 216
190 42 193 44
13 51 15 54
103 245 108 246
143 7 148 8
81 154 82 159
120 145 123 147
167 16 167 27
93 205 96 207
7 133 8 138
172 148 175 150
126 9 128 12
45 84 50 85
40 96 51 96
38 40 41 42
90 68 93 70
22 175 33 175
34 97 45 97
53 41 53 52
179 186 180 191
97 13 100 15
106 199 111 200
47 232 48 237
37 175 37 186
71 21 73 24
18 144 20 147
130 109 141 109
107 181 118 181
44 60 55 60
130 146 135 147
73 25 73 36
190 71 193 73
182 90 187 91
131 72 133 75
173 231 178 232
13 103 16 105
6 101 8 104
97 241 99 244
25 163 25 174
169 179 174 180
79 231 84 232
149 74 154 75
196 119 197 124
186 101 197 101
53 6 55 9
90 238 101 238
69 0 80 0
125 13 128 15
3 0 14 0
20 85 22 88
32 41 34 44
134 15 139 16
35 157 36 162
149 179 160 179
152 68 154 71
157 62 159 65
3 17 4 22
25 149 28 151
75 133 78 135
117 241 120 243
21 75 22 80
78 66 79 71
162 41 163 46
140 11 145 12
15 147 16 152
51 221 51 232
96 32 107 32
195 0 197 3
35 133 36 138
139 75 141 78
96 118 101 119
20 17 22 20
131 186 134 188
123 96 128 97
95 178 98 180
21 37 23 40
27 190 28 195
162 183 165 185
50 2 61 2
161 105 163 108
133 116 134 121
162 11 165 13
58 58 59 63
181 146 192 146
51 192 51 203
87 196 92 197
146 159 148 162
32 114 43 114
109 127 111 130
172 64 175 66
3 177 4 182
19 230 24 231
13 153 14 158
63 182 65 185
117 217 119 220
50 240 55 241
154 16 159 17
180 23 183 25
137 20 140 22
81 175 84 177
72 220 77 221
63 72 64 77
65 67 68 69
109 100 111 103
192 95 193 100
0 90 2 93
114 89 115 94
33 179 36 181
182 142 193 142
195 87 195 98
156 0 161 1
182 10 185 12
26 49 31 50
85 28 88 30
144 182 147 184
18 198 23 199
36 53 36 64
30 186 30 197
104 14 105 19
29 141 29 152
49 174 54 175
66 117 77 117
153 244 156 246
73 245 76 247
106 212 108 215
148 132 149 137
178 65 183 66
149 37 152 39
105 66 108 68
78 102 81 104
81 181 84 183
39 180 40 185
77 227 82 228
62 239 67 240
160 55 163 57
16 62 17 67
174 167 176 170
98 173 101 175
139 53 140 58
111 79 111 90
7 240 18 240
37 12 37 23
51 103 53 106
121 70 124 72
99 7 100 12
131 149 131 160
76 90 81 91
148 14 153 15
20 132 22 135
112 135 115 137
144 195 155 195
116 91 117 96
61 95 72 95
127 173 129 176
142 85 147 86
31 56 32 61
32 163 33 168
144 140 147 142
31 119 31 130
167 173 172 174
98 136 103 137
22 103 23 108
63 2 64 7
153 52 153 63
0 199 11 199
157 94 157 105
167 152 168 157
97 160 108 160
182 213 184 216
112 228 112 239
170 7 175 8
2 144 7 145
144 144 149 145
131 19 136 20
87 233 88 238
189 149 194 150
169 188 171 191
39 128 40 133
22 0 24 3
162 146 173 146
198 204 198 215
113 178 124 178
184 247 189 248
83 211 84 216
117 38 117 49
34 242 37 244
156 152 159 154
25 8 36 8
63 175 66 177
69 37 70 42
17 171 18 176
60 234 62 237
86 34 86 45
89 48 100 48
182 98 182 109
55 151 66 151
56 192 59 194
58 4 60 7
72 205 75 207
49 28 51 31
95 159 95 170
22 52 27 53
74 162 79 163
185 121 190 122
122 153 124 156
157 59 168 59
40 70 42 73
38 47 41 49
48 39 59 39
60 32 61 37
53 124 56 126
78 44 79 49
143 3 146 5
84 189 85 194
138 96 141 98
101 143 112 143
149 208 152 210
50 179 53 181
173 129 174 134
167 11 169 14
76 237 81 238
160 2 161 7
103 11 106 13
85 102 87 105
164 228 169 229
53 74 58 75
31 147 33 150
96 214 97 219
43 138 43 149
175 71 176 76
121 218 122 223
43 198 48 199
0 158 5 159
117 69 117 80
63 12 63 23
87 34 98 34
98 78 99 83
198 168 198 179
116 153 118 156
44 245 55 245
171 217 176 218
194 115 197 117
154 86 155 91
127 59 138 59
73 227 75 230
43 205 48 206
94 113 99 114
10 70 12 73
122 159 127 160
4 217 9 218
53 202 55 205
126 219 129 221
184 65 185 70
17 26 22 27
96 104 97 109
189 103 190 108
89 170 91 173
69 192 70 197
72 241 74 244
130 102 132 105
112 202 117 203
177 67 180 69
121 180 122 185
0 31 3 33
119 101 120 106
105 175 110 176
176 82 177 87
30 26 33 28
82 220 85 222
143 203 144 208
157 196 168 196
181 158 186 159
157 234 162 235
95 195 98 197
162 134 167 135
172 141 177 142
182 43 184 46
109 5 111 8
197 49 198 54
47 210 50 212
75 124 77 127
149 25 154 26
124 242 129 243
32 35 34 38
93 146 98 147
158 82 161 84
83 124 85 127
9 229 12 231
26 163 31 164
71 46 72 51
47 17 50 19
97 222 99 225
45 129 50 130
102 215 103 220
161 143 164 145
11 26 12 31
166 35 171 36
116 212 127 212
111 240 112 245
166 30 177 30
109 98 120 98
150 240 153 242
168 110 169 115
60 177 61 182
28 88 29 93
95 18 96 23
186 208 187 213
139 192 144 193
68 181 69 186
42 107 53 107
51 92 54 94
119 3 122 5
111 69 116 70
76 62 81 63
55 104 56 109
124 118 126 121
71 75 82 75
196 125 197 130
162 164 163 169
64 92 75 92
106 188 109 190
2 128 4 131
136 73 137 78
2 104 2 115
45 31 48 33
14 201 25 201
170 11 172 14
88 133 91 135
174 37 175 42
105 125 110 126
0 3 2 6
147 42 152 43
108 154 110 157
63 162 68 163
122 233 124 236
28 227 31 229
23 223 28 224
17 100 17 111
113 183 116 185
81 142 82 147
139 115 141 118
89 1 90 6
182 234 183 239
26 61 28 64
137 81 142 82
179 79 184 80
14 133 17 135
45 104 48 106
143 31 146 33
40 223 42 226
152 132 154 135
0 202 11 202
94 134 96 137
181 94 184 96
190 58 190 69
11 178 14 180
191 156 192 161
57 220 58 225
36 220 47 220
96 24 99 26
48 36 53 37
31 194 33 197
106 133 109 135
77 52 79 55
141 23 146 24
160 54 171 54
90 44 93 46
